<?xml version="1.0" encoding="UTF-8"?>
<coverage generated="1589515836544" clover="3.2.0">
  <project timestamp="1589515836544" name="All files">
    <metrics statements="141" coveredstatements="124" conditionals="72" coveredconditionals="48" methods="42" coveredmethods="38" elements="255" coveredelements="210" complexity="0" loc="141" ncloc="141" packages="1" files="2" classes="2"/>
    <file name="index.ts" path="E:\project\my-promise\src\index.ts">
      <metrics statements="97" coveredstatements="95" conditionals="34" coveredconditionals="33" methods="34" coveredmethods="33"/>
      <line num="1" count="1" type="stmt"/>
      <line num="3" count="1" type="cond" truecount="2" falsecount="0"/>
      <line num="4" count="1" type="stmt"/>
      <line num="5" count="1" type="stmt"/>
      <line num="6" count="1" type="stmt"/>
      <line num="16" count="133" type="cond" truecount="3" falsecount="0"/>
      <line num="19" count="1" type="stmt"/>
      <line num="20" count="1" type="stmt"/>
      <line num="21" count="79" type="stmt"/>
      <line num="22" count="79" type="stmt"/>
      <line num="24" count="79" type="stmt"/>
      <line num="25" count="79" type="stmt"/>
      <line num="29" count="79" type="stmt"/>
      <line num="35" count="82" type="stmt"/>
      <line num="36" count="45" type="stmt"/>
      <line num="41" count="79" type="stmt"/>
      <line num="42" count="82" type="stmt"/>
      <line num="43" count="82" type="stmt"/>
      <line num="44" count="82" type="stmt"/>
      <line num="48" count="82" type="stmt"/>
      <line num="49" count="82" type="stmt"/>
      <line num="53" count="79" type="stmt"/>
      <line num="54" count="67" type="stmt"/>
      <line num="55" count="69" type="stmt"/>
      <line num="57" count="67" type="cond" truecount="2" falsecount="0"/>
      <line num="58" count="2" type="stmt"/>
      <line num="59" count="2" type="stmt"/>
      <line num="61" count="65" type="stmt"/>
      <line num="64" count="79" type="stmt"/>
      <line num="65" count="15" type="stmt"/>
      <line num="67" count="15" type="cond" truecount="1" falsecount="1"/>
      <line num="69" count="0" type="stmt"/>
      <line num="70" count="0" type="stmt"/>
      <line num="72" count="15" type="stmt"/>
      <line num="74" count="15" type="stmt"/>
      <line num="76" count="79" type="stmt"/>
      <line num="81" count="6" type="cond" truecount="2" falsecount="0"/>
      <line num="82" count="5" type="stmt"/>
      <line num="87" count="8" type="stmt"/>
      <line num="92" count="1" type="stmt"/>
      <line num="93" count="1" type="stmt"/>
      <line num="94" count="4" type="cond" truecount="2" falsecount="0"/>
      <line num="95" count="3" type="stmt"/>
      <line num="97" count="1" type="stmt"/>
      <line num="106" count="3" type="stmt"/>
      <line num="107" count="3" type="stmt"/>
      <line num="108" count="3" type="stmt"/>
      <line num="109" count="8" type="stmt"/>
      <line num="110" count="7" type="stmt"/>
      <line num="111" count="7" type="cond" truecount="2" falsecount="0"/>
      <line num="115" count="3" type="cond" truecount="2" falsecount="0"/>
      <line num="116" count="1" type="stmt"/>
      <line num="117" count="1" type="stmt"/>
      <line num="121" count="2" type="stmt"/>
      <line num="122" count="8" type="stmt"/>
      <line num="123" count="8" type="cond" truecount="2" falsecount="0"/>
      <line num="124" count="7" type="stmt"/>
      <line num="127" count="1" type="stmt"/>
      <line num="137" count="7" type="stmt"/>
      <line num="145" count="6" type="stmt"/>
      <line num="146" count="5" type="cond" truecount="2" falsecount="0"/>
      <line num="147" count="5" type="stmt"/>
      <line num="149" count="1" type="cond" truecount="2" falsecount="0"/>
      <line num="150" count="1" type="stmt"/>
      <line num="176" count="53" type="stmt"/>
      <line num="181" count="53" type="stmt"/>
      <line num="182" count="53" type="stmt"/>
      <line num="183" count="35" type="stmt"/>
      <line num="184" count="35" type="cond" truecount="2" falsecount="0"/>
      <line num="185" count="1" type="stmt"/>
      <line num="186" count="1" type="stmt"/>
      <line num="188" count="34" type="stmt"/>
      <line num="189" count="33" type="cond" truecount="2" falsecount="0"/>
      <line num="190" count="1" type="stmt"/>
      <line num="191" count="1" type="stmt"/>
      <line num="193" count="32" type="stmt"/>
      <line num="195" count="1" type="stmt"/>
      <line num="198" count="53" type="stmt"/>
      <line num="199" count="18" type="stmt"/>
      <line num="200" count="18" type="cond" truecount="2" falsecount="0"/>
      <line num="201" count="1" type="stmt"/>
      <line num="202" count="1" type="stmt"/>
      <line num="204" count="17" type="stmt"/>
      <line num="205" count="15" type="cond" truecount="2" falsecount="0"/>
      <line num="206" count="1" type="stmt"/>
      <line num="207" count="1" type="stmt"/>
      <line num="210" count="14" type="stmt"/>
      <line num="213" count="2" type="stmt"/>
      <line num="216" count="53" type="stmt"/>
      <line num="219" count="45" type="stmt"/>
      <line num="220" count="45" type="stmt"/>
      <line num="221" count="45" type="stmt"/>
      <line num="224" count="6" type="stmt"/>
      <line num="225" count="6" type="stmt"/>
      <line num="227" count="2" type="stmt"/>
      <line num="228" count="2" type="stmt"/>
      <line num="231" count="53" type="stmt"/>
    </file>
    <file name="microtask.ts" path="E:\project\my-promise\src\microtask.ts">
      <metrics statements="44" coveredstatements="29" conditionals="38" coveredconditionals="15" methods="8" coveredmethods="5"/>
      <line num="5" count="2" type="cond" truecount="3" falsecount="5"/>
      <line num="10" count="2" type="stmt"/>
      <line num="11" count="2" type="cond" truecount="1" falsecount="1"/>
      <line num="12" count="2" type="cond" truecount="1" falsecount="1"/>
      <line num="13" count="2" type="cond" truecount="1" falsecount="1"/>
      <line num="14" count="2" type="stmt"/>
      <line num="15" count="2" type="stmt"/>
      <line num="16" count="2" type="stmt"/>
      <line num="22" count="2" type="stmt"/>
      <line num="27" count="2" type="stmt"/>
      <line num="29" count="52" type="cond" truecount="3" falsecount="1"/>
      <line num="30" count="52" type="stmt"/>
      <line num="31" count="81" type="stmt"/>
      <line num="32" count="81" type="stmt"/>
      <line num="33" count="81" type="stmt"/>
      <line num="34" count="81" type="stmt"/>
      <line num="36" count="0" type="cond" truecount="0" falsecount="2"/>
      <line num="37" count="0" type="stmt"/>
      <line num="38" count="0" type="stmt"/>
      <line num="41" count="52" type="stmt"/>
      <line num="42" count="52" type="cond" truecount="1" falsecount="1"/>
      <line num="46" count="2" type="cond" truecount="1" falsecount="1"/>
      <line num="47" count="2" type="stmt"/>
      <line num="48" count="52" type="stmt"/>
      <line num="51" count="0" type="cond" truecount="0" falsecount="6"/>
      <line num="52" count="0" type="stmt"/>
      <line num="53" count="0" type="stmt"/>
      <line num="54" count="0" type="stmt"/>
      <line num="55" count="0" type="stmt"/>
      <line num="56" count="0" type="stmt"/>
      <line num="59" count="0" type="cond" truecount="0" falsecount="4"/>
      <line num="61" count="0" type="stmt"/>
      <line num="62" count="0" type="stmt"/>
      <line num="63" count="0" type="stmt"/>
      <line num="72" count="0" type="stmt"/>
      <line num="74" count="0" type="stmt"/>
      <line num="78" count="2" type="stmt"/>
      <line num="79" count="81" type="stmt"/>
      <line num="80" count="81" type="cond" truecount="2" falsecount="0"/>
      <line num="81" count="81" type="cond" truecount="2" falsecount="0"/>
      <line num="82" count="52" type="stmt"/>
      <line num="83" count="52" type="stmt"/>
      <line num="85" count="81" type="stmt"/>
      <line num="88" count="2" type="stmt"/>
    </file>
  </project>
</coverage>
