<?xml version="1.0" encoding="UTF-8"?>
<coverage generated="1585054242781" clover="3.2.0">
  <project timestamp="1585054242781" name="All files">
    <metrics statements="149" coveredstatements="132" conditionals="73" coveredconditionals="49" methods="42" coveredmethods="38" elements="264" coveredelements="219" complexity="0" loc="149" ncloc="149" packages="1" files="2" classes="2"/>
    <file name="index.ts" path="E:\project\my-promise\src\index.ts">
      <metrics statements="105" coveredstatements="103" conditionals="35" coveredconditionals="34" methods="34" coveredmethods="33"/>
      <line num="1" count="1" type="stmt"/>
      <line num="3" count="1" type="cond" truecount="2" falsecount="0"/>
      <line num="4" count="1" type="stmt"/>
      <line num="5" count="1" type="stmt"/>
      <line num="6" count="1" type="stmt"/>
      <line num="16" count="119" type="cond" truecount="3" falsecount="0"/>
      <line num="19" count="1" type="stmt"/>
      <line num="20" count="1" type="stmt"/>
      <line num="21" count="71" type="stmt"/>
      <line num="22" count="71" type="stmt"/>
      <line num="24" count="71" type="stmt"/>
      <line num="25" count="71" type="stmt"/>
      <line num="26" count="71" type="stmt"/>
      <line num="29" count="71" type="stmt"/>
      <line num="35" count="148" type="stmt"/>
      <line num="36" count="39" type="stmt"/>
      <line num="41" count="71" type="stmt"/>
      <line num="42" count="74" type="stmt"/>
      <line num="43" count="74" type="stmt"/>
      <line num="44" count="74" type="stmt"/>
      <line num="48" count="74" type="stmt"/>
      <line num="49" count="74" type="stmt"/>
      <line num="51" count="74" type="stmt"/>
      <line num="53" count="71" type="stmt"/>
      <line num="54" count="61" type="stmt"/>
      <line num="55" count="63" type="stmt"/>
      <line num="57" count="61" type="cond" truecount="2" falsecount="0"/>
      <line num="58" count="2" type="stmt"/>
      <line num="59" count="2" type="stmt"/>
      <line num="61" count="59" type="stmt"/>
      <line num="64" count="71" type="stmt"/>
      <line num="65" count="13" type="stmt"/>
      <line num="67" count="13" type="cond" truecount="1" falsecount="1"/>
      <line num="69" count="0" type="stmt"/>
      <line num="70" count="0" type="stmt"/>
      <line num="72" count="13" type="stmt"/>
      <line num="74" count="13" type="stmt"/>
      <line num="76" count="71" type="stmt"/>
      <line num="81" count="6" type="cond" truecount="2" falsecount="0"/>
      <line num="82" count="5" type="stmt"/>
      <line num="87" count="7" type="stmt"/>
      <line num="92" count="1" type="stmt"/>
      <line num="93" count="1" type="stmt"/>
      <line num="94" count="4" type="cond" truecount="2" falsecount="0"/>
      <line num="95" count="3" type="stmt"/>
      <line num="97" count="1" type="stmt"/>
      <line num="106" count="3" type="stmt"/>
      <line num="107" count="3" type="stmt"/>
      <line num="108" count="3" type="stmt"/>
      <line num="109" count="8" type="stmt"/>
      <line num="110" count="7" type="stmt"/>
      <line num="111" count="7" type="cond" truecount="2" falsecount="0"/>
      <line num="115" count="3" type="cond" truecount="2" falsecount="0"/>
      <line num="116" count="1" type="stmt"/>
      <line num="117" count="1" type="stmt"/>
      <line num="121" count="2" type="stmt"/>
      <line num="122" count="8" type="stmt"/>
      <line num="123" count="8" type="cond" truecount="2" falsecount="0"/>
      <line num="124" count="7" type="stmt"/>
      <line num="127" count="1" type="stmt"/>
      <line num="137" count="6" type="stmt"/>
      <line num="142" count="3" type="stmt"/>
      <line num="143" count="3" type="stmt"/>
      <line num="145" count="3" type="stmt"/>
      <line num="146" count="3" type="stmt"/>
      <line num="147" count="3" type="cond" truecount="2" falsecount="0"/>
      <line num="148" count="3" type="stmt"/>
      <line num="150" count="3" type="stmt"/>
      <line num="153" count="2" type="stmt"/>
      <line num="154" count="2" type="stmt"/>
      <line num="158" count="1" type="stmt"/>
      <line num="159" count="1" type="stmt"/>
      <line num="169" count="44" type="stmt"/>
      <line num="174" count="44" type="stmt"/>
      <line num="175" count="44" type="stmt"/>
      <line num="176" count="28" type="stmt"/>
      <line num="177" count="28" type="cond" truecount="2" falsecount="0"/>
      <line num="178" count="1" type="stmt"/>
      <line num="179" count="1" type="stmt"/>
      <line num="181" count="27" type="stmt"/>
      <line num="182" count="26" type="cond" truecount="2" falsecount="0"/>
      <line num="183" count="1" type="stmt"/>
      <line num="184" count="1" type="stmt"/>
      <line num="186" count="25" type="stmt"/>
      <line num="188" count="1" type="stmt"/>
      <line num="191" count="44" type="stmt"/>
      <line num="192" count="16" type="stmt"/>
      <line num="193" count="16" type="cond" truecount="2" falsecount="0"/>
      <line num="194" count="1" type="stmt"/>
      <line num="195" count="1" type="stmt"/>
      <line num="197" count="15" type="stmt"/>
      <line num="198" count="14" type="cond" truecount="2" falsecount="0"/>
      <line num="199" count="1" type="stmt"/>
      <line num="200" count="1" type="stmt"/>
      <line num="203" count="13" type="stmt"/>
      <line num="206" count="1" type="stmt"/>
      <line num="209" count="44" type="stmt"/>
      <line num="212" count="37" type="stmt"/>
      <line num="213" count="37" type="stmt"/>
      <line num="214" count="37" type="stmt"/>
      <line num="217" count="5" type="stmt"/>
      <line num="218" count="5" type="stmt"/>
      <line num="220" count="2" type="stmt"/>
      <line num="221" count="2" type="stmt"/>
      <line num="224" count="44" type="stmt"/>
    </file>
    <file name="microtask.ts" path="E:\project\my-promise\src\microtask.ts">
      <metrics statements="44" coveredstatements="29" conditionals="38" coveredconditionals="15" methods="8" coveredmethods="5"/>
      <line num="4" count="1" type="cond" truecount="3" falsecount="5"/>
      <line num="9" count="1" type="stmt"/>
      <line num="10" count="1" type="cond" truecount="1" falsecount="1"/>
      <line num="11" count="1" type="cond" truecount="1" falsecount="1"/>
      <line num="12" count="1" type="cond" truecount="1" falsecount="1"/>
      <line num="13" count="1" type="stmt"/>
      <line num="14" count="1" type="stmt"/>
      <line num="15" count="1" type="stmt"/>
      <line num="21" count="1" type="stmt"/>
      <line num="26" count="1" type="stmt"/>
      <line num="28" count="46" type="cond" truecount="3" falsecount="1"/>
      <line num="29" count="46" type="stmt"/>
      <line num="30" count="72" type="stmt"/>
      <line num="31" count="72" type="stmt"/>
      <line num="32" count="72" type="stmt"/>
      <line num="33" count="72" type="stmt"/>
      <line num="35" count="0" type="cond" truecount="0" falsecount="2"/>
      <line num="36" count="0" type="stmt"/>
      <line num="37" count="0" type="stmt"/>
      <line num="40" count="46" type="stmt"/>
      <line num="41" count="46" type="cond" truecount="1" falsecount="1"/>
      <line num="45" count="1" type="cond" truecount="1" falsecount="1"/>
      <line num="46" count="1" type="stmt"/>
      <line num="47" count="46" type="stmt"/>
      <line num="50" count="0" type="cond" truecount="0" falsecount="6"/>
      <line num="51" count="0" type="stmt"/>
      <line num="52" count="0" type="stmt"/>
      <line num="53" count="0" type="stmt"/>
      <line num="54" count="0" type="stmt"/>
      <line num="55" count="0" type="stmt"/>
      <line num="58" count="0" type="cond" truecount="0" falsecount="4"/>
      <line num="60" count="0" type="stmt"/>
      <line num="61" count="0" type="stmt"/>
      <line num="62" count="0" type="stmt"/>
      <line num="71" count="0" type="stmt"/>
      <line num="73" count="0" type="stmt"/>
      <line num="77" count="1" type="stmt"/>
      <line num="78" count="72" type="stmt"/>
      <line num="79" count="72" type="cond" truecount="2" falsecount="0"/>
      <line num="80" count="72" type="cond" truecount="2" falsecount="0"/>
      <line num="81" count="46" type="stmt"/>
      <line num="82" count="46" type="stmt"/>
      <line num="84" count="72" type="stmt"/>
      <line num="87" count="1" type="stmt"/>
    </file>
  </project>
</coverage>
