{"E:\\project\\my-promise\\src\\index.ts": {"path":"E:\\project\\my-promise\\src\\index.ts","statementMap":{"0":{"start":{"line":1,"column":0},"end":{"line":1,"column":36}},"1":{"start":{"line":3,"column":0},"end":{"line":3,"column":null}},"2":{"start":{"line":4,"column":4},"end":{"line":4,"column":null}},"3":{"start":{"line":5,"column":4},"end":{"line":5,"column":null}},"4":{"start":{"line":6,"column":4},"end":{"line":6,"column":null}},"5":{"start":{"line":16,"column":4},"end":{"line":16,"column":101}},"6":{"start":{"line":19,"column":9},"end":{"line":19,"column":10}},"7":{"start":{"line":21,"column":21},"end":{"line":21,"column":29}},"8":{"start":{"line":22,"column":12},"end":{"line":22,"column":42}},"9":{"start":{"line":24,"column":12},"end":{"line":24,"column":53}},"10":{"start":{"line":25,"column":12},"end":{"line":25,"column":55}},"11":{"start":{"line":26,"column":12},"end":{"line":26,"column":36}},"12":{"start":{"line":29,"column":8},"end":{"line":29,"column":23}},"13":{"start":{"line":35,"column":12},"end":{"line":37,"column":null}},"14":{"start":{"line":36,"column":16},"end":{"line":36,"column":26}},"15":{"start":{"line":41,"column":20},"end":{"line":52,"column":9}},"16":{"start":{"line":42,"column":12},"end":{"line":42,"column":33}},"17":{"start":{"line":43,"column":12},"end":{"line":43,"column":31}},"18":{"start":{"line":44,"column":26},"end":{"line":47,"column":14}},"19":{"start":{"line":48,"column":25},"end":{"line":48,"column":38}},"20":{"start":{"line":49,"column":12},"end":{"line":49,"column":37}},"21":{"start":{"line":51,"column":12},"end":{"line":51,"column":49}},"22":{"start":{"line":53,"column":36},"end":{"line":62,"column":9}},"23":{"start":{"line":54,"column":27},"end":{"line":56,"column":13}},"24":{"start":{"line":55,"column":16},"end":{"line":55,"column":56}},"25":{"start":{"line":55,"column":37},"end":{"line":55,"column":55}},"26":{"start":{"line":57,"column":12},"end":{"line":60,"column":null}},"27":{"start":{"line":58,"column":16},"end":{"line":58,"column":76}},"28":{"start":{"line":59,"column":16},"end":{"line":59,"column":23}},"29":{"start":{"line":61,"column":12},"end":{"line":61,"column":60}},"30":{"start":{"line":61,"column":28},"end":{"line":61,"column":58}},"31":{"start":{"line":64,"column":31},"end":{"line":75,"column":9}},"32":{"start":{"line":65,"column":28},"end":{"line":73,"column":13}},"33":{"start":{"line":67,"column":16},"end":{"line":71,"column":23}},"34":{"start":{"line":69,"column":20},"end":{"line":71,"column":23}},"35":{"start":{"line":70,"column":24},"end":{"line":70,"column":76}},"36":{"start":{"line":72,"column":16},"end":{"line":72,"column":44}},"37":{"start":{"line":74,"column":12},"end":{"line":74,"column":31}},"38":{"start":{"line":76,"column":8},"end":{"line":76,"column":34}},"39":{"start":{"line":81,"column":8},"end":{"line":81,"column":64}},"40":{"start":{"line":81,"column":34},"end":{"line":81,"column":64}},"41":{"start":{"line":82,"column":8},"end":{"line":82,"column":53}},"42":{"start":{"line":82,"column":40},"end":{"line":82,"column":51}},"43":{"start":{"line":87,"column":8},"end":{"line":87,"column":59}},"44":{"start":{"line":87,"column":46},"end":{"line":87,"column":57}},"45":{"start":{"line":92,"column":8},"end":{"line":99,"column":11}},"46":{"start":{"line":93,"column":12},"end":{"line":98,"column":15}},"47":{"start":{"line":94,"column":16},"end":{"line":97,"column":35}},"48":{"start":{"line":95,"column":20},"end":{"line":95,"column":64}},"49":{"start":{"line":95,"column":40},"end":{"line":95,"column":54}},"50":{"start":{"line":97,"column":20},"end":{"line":97,"column":35}},"51":{"start":{"line":106,"column":8},"end":{"line":130,"column":11}},"52":{"start":{"line":107,"column":38},"end":{"line":107,"column":58}},"53":{"start":{"line":108,"column":24},"end":{"line":108,"column":25}},"54":{"start":{"line":109,"column":30},"end":{"line":112,"column":13}},"55":{"start":{"line":109,"column":49},"end":{"line":112,"column":13}},"56":{"start":{"line":110,"column":16},"end":{"line":110,"column":42}},"57":{"start":{"line":111,"column":16},"end":{"line":111,"column":67}},"58":{"start":{"line":111,"column":47},"end":{"line":111,"column":67}},"59":{"start":{"line":115,"column":12},"end":{"line":118,"column":null}},"60":{"start":{"line":116,"column":16},"end":{"line":116,"column":36}},"61":{"start":{"line":117,"column":16},"end":{"line":117,"column":23}},"62":{"start":{"line":121,"column":12},"end":{"line":128,"column":15}},"63":{"start":{"line":122,"column":36},"end":{"line":122,"column":52}},"64":{"start":{"line":123,"column":16},"end":{"line":127,"column":39}},"65":{"start":{"line":124,"column":20},"end":{"line":124,"column":60}},"66":{"start":{"line":124,"column":49},"end":{"line":124,"column":58}},"67":{"start":{"line":127,"column":20},"end":{"line":127,"column":39}},"68":{"start":{"line":137,"column":8},"end":{"line":137,"column":43}},"69":{"start":{"line":142,"column":23},"end":{"line":142,"column":34}},"70":{"start":{"line":143,"column":22},"end":{"line":143,"column":32}},"71":{"start":{"line":145,"column":8},"end":{"line":161,"column":11}},"72":{"start":{"line":146,"column":28},"end":{"line":149,"column":13}},"73":{"start":{"line":147,"column":16},"end":{"line":147,"column":65}},"74":{"start":{"line":147,"column":53},"end":{"line":147,"column":65}},"75":{"start":{"line":148,"column":16},"end":{"line":148,"column":31}},"76":{"start":{"line":150,"column":12},"end":{"line":160,"column":null}},"77":{"start":{"line":153,"column":20},"end":{"line":153,"column":51}},"78":{"start":{"line":154,"column":20},"end":{"line":154,"column":26}},"79":{"start":{"line":158,"column":20},"end":{"line":158,"column":35}},"80":{"start":{"line":159,"column":20},"end":{"line":159,"column":26}},"81":{"start":{"line":169,"column":32},"end":{"line":169,"column":36}},"82":{"start":{"line":174,"column":23},"end":{"line":223,"column":10}},"83":{"start":{"line":175,"column":30},"end":{"line":190,"column":13}},"84":{"start":{"line":176,"column":16},"end":{"line":189,"column":null}},"85":{"start":{"line":177,"column":20},"end":{"line":180,"column":null}},"86":{"start":{"line":178,"column":24},"end":{"line":178,"column":46}},"87":{"start":{"line":179,"column":24},"end":{"line":179,"column":31}},"88":{"start":{"line":181,"column":35},"end":{"line":181,"column":53}},"89":{"start":{"line":182,"column":20},"end":{"line":185,"column":null}},"90":{"start":{"line":183,"column":24},"end":{"line":183,"column":53}},"91":{"start":{"line":184,"column":24},"end":{"line":184,"column":31}},"92":{"start":{"line":186,"column":20},"end":{"line":186,"column":36}},"93":{"start":{"line":188,"column":20},"end":{"line":188,"column":30}},"94":{"start":{"line":191,"column":29},"end":{"line":208,"column":13}},"95":{"start":{"line":192,"column":16},"end":{"line":207,"column":null}},"96":{"start":{"line":193,"column":20},"end":{"line":196,"column":null}},"97":{"start":{"line":194,"column":24},"end":{"line":194,"column":39}},"98":{"start":{"line":195,"column":24},"end":{"line":195,"column":31}},"99":{"start":{"line":197,"column":35},"end":{"line":197,"column":53}},"100":{"start":{"line":198,"column":20},"end":{"line":201,"column":null}},"101":{"start":{"line":199,"column":24},"end":{"line":199,"column":53}},"102":{"start":{"line":200,"column":24},"end":{"line":200,"column":31}},"103":{"start":{"line":203,"column":20},"end":{"line":203,"column":36}},"104":{"start":{"line":206,"column":20},"end":{"line":206,"column":30}},"105":{"start":{"line":209,"column":12},"end":{"line":222,"column":null}},"106":{"start":{"line":212,"column":20},"end":{"line":212,"column":53}},"107":{"start":{"line":213,"column":20},"end":{"line":213,"column":51}},"108":{"start":{"line":214,"column":20},"end":{"line":214,"column":26}},"109":{"start":{"line":217,"column":20},"end":{"line":217,"column":37}},"110":{"start":{"line":218,"column":20},"end":{"line":218,"column":26}},"111":{"start":{"line":220,"column":20},"end":{"line":220,"column":36}},"112":{"start":{"line":221,"column":20},"end":{"line":221,"column":26}},"113":{"start":{"line":224,"column":8},"end":{"line":224,"column":22}},"114":{"start":{"line":20,"column":0},"end":{"line":20,"column":21}}},"fnMap":{"0":{"name":"(anonymous_0)","decl":{"start":{"line":3,"column":0},"end":{"line":3,"column":5}},"loc":{"start":{"line":3,"column":10},"end":{"line":7,"column":1}}},"1":{"name":"isPromiseLike","decl":{"start":{"line":15,"column":9},"end":{"line":15,"column":22}},"loc":{"start":{"line":15,"column":34},"end":{"line":17,"column":1}}},"2":{"name":"(anonymous_2)","decl":{"start":{"line":28,"column":4},"end":{"line":28,"column":23}},"loc":{"start":{"line":28,"column":78},"end":{"line":77,"column":5}}},"3":{"name":"runCallback","decl":{"start":{"line":33,"column":17},"end":{"line":33,"column":28}},"loc":{"start":{"line":33,"column":64},"end":{"line":38,"column":9}}},"4":{"name":"(anonymous_4)","decl":{"start":{"line":41,"column":20},"end":{"line":41,"column":21}},"loc":{"start":{"line":41,"column":48},"end":{"line":52,"column":9}}},"5":{"name":"(anonymous_5)","decl":{"start":{"line":53,"column":36},"end":{"line":53,"column":37}},"loc":{"start":{"line":53,"column":46},"end":{"line":62,"column":9}}},"6":{"name":"(anonymous_6)","decl":{"start":{"line":54,"column":27},"end":{"line":54,"column":28}},"loc":{"start":{"line":54,"column":45},"end":{"line":56,"column":13}}},"7":{"name":"(anonymous_7)","decl":{"start":{"line":55,"column":23},"end":{"line":55,"column":24}},"loc":{"start":{"line":55,"column":37},"end":{"line":55,"column":55}}},"8":{"name":"(anonymous_8)","decl":{"start":{"line":61,"column":22},"end":{"line":61,"column":25}},"loc":{"start":{"line":61,"column":28},"end":{"line":61,"column":58}}},"9":{"name":"(anonymous_9)","decl":{"start":{"line":64,"column":31},"end":{"line":64,"column":32}},"loc":{"start":{"line":64,"column":42},"end":{"line":75,"column":9}}},"10":{"name":"(anonymous_10)","decl":{"start":{"line":65,"column":28},"end":{"line":65,"column":31}},"loc":{"start":{"line":65,"column":33},"end":{"line":73,"column":13}}},"11":{"name":"(anonymous_11)","decl":{"start":{"line":69,"column":30},"end":{"line":69,"column":33}},"loc":{"start":{"line":69,"column":35},"end":{"line":71,"column":21}}},"12":{"name":"(anonymous_12)","decl":{"start":{"line":80,"column":11},"end":{"line":80,"column":17}},"loc":{"start":{"line":80,"column":58},"end":{"line":83,"column":5}}},"13":{"name":"(anonymous_13)","decl":{"start":{"line":82,"column":33},"end":{"line":82,"column":36}},"loc":{"start":{"line":82,"column":40},"end":{"line":82,"column":51}}},"14":{"name":"(anonymous_14)","decl":{"start":{"line":86,"column":11},"end":{"line":86,"column":17}},"loc":{"start":{"line":86,"column":48},"end":{"line":88,"column":5}}},"15":{"name":"(anonymous_15)","decl":{"start":{"line":87,"column":32},"end":{"line":87,"column":33}},"loc":{"start":{"line":87,"column":46},"end":{"line":87,"column":57}}},"16":{"name":"(anonymous_16)","decl":{"start":{"line":91,"column":11},"end":{"line":91,"column":17}},"loc":{"start":{"line":91,"column":46},"end":{"line":100,"column":5}}},"17":{"name":"(anonymous_17)","decl":{"start":{"line":92,"column":34},"end":{"line":92,"column":35}},"loc":{"start":{"line":92,"column":54},"end":{"line":99,"column":9}}},"18":{"name":"(anonymous_18)","decl":{"start":{"line":93,"column":27},"end":{"line":93,"column":32}},"loc":{"start":{"line":93,"column":35},"end":{"line":98,"column":13}}},"19":{"name":"(anonymous_19)","decl":{"start":{"line":95,"column":31},"end":{"line":95,"column":36}},"loc":{"start":{"line":95,"column":40},"end":{"line":95,"column":54}}},"20":{"name":"(anonymous_20)","decl":{"start":{"line":105,"column":11},"end":{"line":105,"column":17}},"loc":{"start":{"line":105,"column":73},"end":{"line":131,"column":5}}},"21":{"name":"(anonymous_21)","decl":{"start":{"line":106,"column":36},"end":{"line":106,"column":37}},"loc":{"start":{"line":106,"column":56},"end":{"line":130,"column":9}}},"22":{"name":"(anonymous_22)","decl":{"start":{"line":109,"column":30},"end":{"line":109,"column":31}},"loc":{"start":{"line":109,"column":49},"end":{"line":112,"column":13}}},"23":{"name":"(anonymous_23)","decl":{"start":{"line":109,"column":49},"end":{"line":109,"column":50}},"loc":{"start":{"line":109,"column":64},"end":{"line":112,"column":13}}},"24":{"name":"(anonymous_24)","decl":{"start":{"line":121,"column":27},"end":{"line":121,"column":28}},"loc":{"start":{"line":121,"column":44},"end":{"line":128,"column":13}}},"25":{"name":"(anonymous_25)","decl":{"start":{"line":124,"column":44},"end":{"line":124,"column":45}},"loc":{"start":{"line":124,"column":49},"end":{"line":124,"column":58}}},"26":{"name":"(anonymous_26)","decl":{"start":{"line":134,"column":11},"end":{"line":134,"column":16}},"loc":{"start":{"line":135,"column":61},"end":{"line":138,"column":5}}},"27":{"name":"(anonymous_27)","decl":{"start":{"line":141,"column":11},"end":{"line":141,"column":18}},"loc":{"start":{"line":141,"column":62},"end":{"line":162,"column":5}}},"28":{"name":"(anonymous_28)","decl":{"start":{"line":145,"column":32},"end":{"line":145,"column":33}},"loc":{"start":{"line":145,"column":52},"end":{"line":161,"column":9}}},"29":{"name":"(anonymous_29)","decl":{"start":{"line":146,"column":28},"end":{"line":146,"column":29}},"loc":{"start":{"line":146,"column":41},"end":{"line":149,"column":13}}},"30":{"name":"(anonymous_30)","decl":{"start":{"line":165,"column":4},"end":{"line":165,"column":8}},"loc":{"start":{"line":167,"column":62},"end":{"line":225,"column":5}}},"31":{"name":"(anonymous_31)","decl":{"start":{"line":174,"column":58},"end":{"line":174,"column":59}},"loc":{"start":{"line":174,"column":78},"end":{"line":223,"column":9}}},"32":{"name":"(anonymous_32)","decl":{"start":{"line":175,"column":30},"end":{"line":175,"column":31}},"loc":{"start":{"line":175,"column":43},"end":{"line":190,"column":13}}},"33":{"name":"(anonymous_33)","decl":{"start":{"line":191,"column":29},"end":{"line":191,"column":30}},"loc":{"start":{"line":191,"column":45},"end":{"line":208,"column":13}}}},"branchMap":{"0":{"loc":{"start":{"line":3,"column":5},"end":{"line":3,"column":10}},"type":"binary-expr","locations":[{"start":{"line":3,"column":5},"end":{"line":3,"column":10}},{"start":{"line":3,"column":5},"end":{"line":3,"column":null}}]},"1":{"loc":{"start":{"line":16,"column":11},"end":{"line":16,"column":17}},"type":"binary-expr","locations":[{"start":{"line":16,"column":11},"end":{"line":16,"column":17}},{"start":{"line":16,"column":37},"end":{"line":16,"column":63}},{"start":{"line":16,"column":67},"end":{"line":16,"column":100}}]},"2":{"loc":{"start":{"line":57,"column":12},"end":{"line":60,"column":null}},"type":"if","locations":[{"start":{"line":57,"column":12},"end":{"line":60,"column":null}},{"start":{"line":57,"column":12},"end":{"line":60,"column":null}}]},"3":{"loc":{"start":{"line":67,"column":16},"end":{"line":71,"column":23}},"type":"if","locations":[{"start":{"line":67,"column":16},"end":{"line":71,"column":23}},{"start":{"line":67,"column":16},"end":{"line":71,"column":23}}]},"4":{"loc":{"start":{"line":81,"column":8},"end":{"line":81,"column":64}},"type":"if","locations":[{"start":{"line":81,"column":8},"end":{"line":81,"column":64}},{"start":{"line":81,"column":8},"end":{"line":81,"column":64}}]},"5":{"loc":{"start":{"line":94,"column":16},"end":{"line":97,"column":35}},"type":"if","locations":[{"start":{"line":94,"column":16},"end":{"line":97,"column":35}},{"start":{"line":94,"column":16},"end":{"line":97,"column":35}}]},"6":{"loc":{"start":{"line":111,"column":16},"end":{"line":111,"column":67}},"type":"if","locations":[{"start":{"line":111,"column":16},"end":{"line":111,"column":67}},{"start":{"line":111,"column":16},"end":{"line":111,"column":67}}]},"7":{"loc":{"start":{"line":115,"column":12},"end":{"line":118,"column":null}},"type":"if","locations":[{"start":{"line":115,"column":12},"end":{"line":118,"column":null}},{"start":{"line":115,"column":12},"end":{"line":118,"column":null}}]},"8":{"loc":{"start":{"line":123,"column":16},"end":{"line":127,"column":39}},"type":"if","locations":[{"start":{"line":123,"column":16},"end":{"line":127,"column":39}},{"start":{"line":123,"column":16},"end":{"line":127,"column":39}}]},"9":{"loc":{"start":{"line":147,"column":16},"end":{"line":147,"column":65}},"type":"if","locations":[{"start":{"line":147,"column":16},"end":{"line":147,"column":65}},{"start":{"line":147,"column":16},"end":{"line":147,"column":65}}]},"10":{"loc":{"start":{"line":152,"column":16},"end":{"line":154,"column":26}},"type":"switch","locations":[{"start":{"line":152,"column":16},"end":{"line":154,"column":26}},{"start":{"line":156,"column":16},"end":{"line":156,"column":37}},{"start":{"line":157,"column":16},"end":{"line":159,"column":26}}]},"11":{"loc":{"start":{"line":177,"column":20},"end":{"line":180,"column":null}},"type":"if","locations":[{"start":{"line":177,"column":20},"end":{"line":180,"column":null}},{"start":{"line":177,"column":20},"end":{"line":180,"column":null}}]},"12":{"loc":{"start":{"line":182,"column":20},"end":{"line":185,"column":null}},"type":"if","locations":[{"start":{"line":182,"column":20},"end":{"line":185,"column":null}},{"start":{"line":182,"column":20},"end":{"line":185,"column":null}}]},"13":{"loc":{"start":{"line":193,"column":20},"end":{"line":196,"column":null}},"type":"if","locations":[{"start":{"line":193,"column":20},"end":{"line":196,"column":null}},{"start":{"line":193,"column":20},"end":{"line":196,"column":null}}]},"14":{"loc":{"start":{"line":198,"column":20},"end":{"line":201,"column":null}},"type":"if","locations":[{"start":{"line":198,"column":20},"end":{"line":201,"column":null}},{"start":{"line":198,"column":20},"end":{"line":201,"column":null}}]},"15":{"loc":{"start":{"line":211,"column":16},"end":{"line":214,"column":26}},"type":"switch","locations":[{"start":{"line":211,"column":16},"end":{"line":214,"column":26}},{"start":{"line":216,"column":16},"end":{"line":218,"column":26}},{"start":{"line":219,"column":16},"end":{"line":221,"column":26}}]}},"s":{"0":1,"1":1,"2":1,"3":1,"4":1,"5":119,"6":1,"7":71,"8":71,"9":71,"10":71,"11":71,"12":71,"13":148,"14":39,"15":71,"16":74,"17":74,"18":74,"19":74,"20":74,"21":74,"22":71,"23":61,"24":63,"25":61,"26":61,"27":2,"28":2,"29":59,"30":59,"31":71,"32":13,"33":13,"34":0,"35":0,"36":13,"37":13,"38":71,"39":6,"40":1,"41":5,"42":5,"43":7,"44":7,"45":1,"46":1,"47":4,"48":3,"49":3,"50":1,"51":3,"52":3,"53":3,"54":3,"55":8,"56":7,"57":7,"58":1,"59":3,"60":1,"61":1,"62":2,"63":8,"64":8,"65":7,"66":1,"67":1,"68":6,"69":3,"70":3,"71":3,"72":3,"73":3,"74":2,"75":3,"76":3,"77":2,"78":2,"79":1,"80":1,"81":44,"82":44,"83":44,"84":28,"85":28,"86":1,"87":1,"88":27,"89":26,"90":1,"91":1,"92":25,"93":1,"94":44,"95":16,"96":16,"97":1,"98":1,"99":15,"100":14,"101":1,"102":1,"103":13,"104":1,"105":44,"106":37,"107":37,"108":37,"109":5,"110":5,"111":2,"112":2,"113":44,"114":1},"f":{"0":1,"1":119,"2":71,"3":148,"4":74,"5":61,"6":63,"7":61,"8":59,"9":13,"10":13,"11":0,"12":6,"13":5,"14":7,"15":7,"16":1,"17":1,"18":4,"19":3,"20":3,"21":3,"22":8,"23":7,"24":8,"25":1,"26":6,"27":3,"28":3,"29":3,"30":44,"31":44,"32":28,"33":16},"b":{"0":[1,1],"1":[119,77,17],"2":[2,59],"3":[0,13],"4":[1,5],"5":[3,1],"6":[1,6],"7":[1,2],"8":[7,1],"9":[2,1],"10":[2,1,1],"11":[1,27],"12":[1,25],"13":[1,15],"14":[1,13],"15":[37,5,2]}}
,"E:\\project\\my-promise\\src\\microtask.ts": {"path":"E:\\project\\my-promise\\src\\microtask.ts","statementMap":{"0":{"start":{"line":4,"column":4},"end":{"line":6,"column":36}},"1":{"start":{"line":9,"column":16},"end":{"line":9,"column":27}},"2":{"start":{"line":10,"column":0},"end":{"line":10,"column":42}},"3":{"start":{"line":10,"column":28},"end":{"line":10,"column":42}},"4":{"start":{"line":11,"column":18},"end":{"line":11,"column":60}},"5":{"start":{"line":12,"column":17},"end":{"line":12,"column":75}},"6":{"start":{"line":13,"column":0},"end":{"line":13,"column":26}},"7":{"start":{"line":14,"column":0},"end":{"line":14,"column":26}},"8":{"start":{"line":15,"column":15},"end":{"line":15,"column":80}},"9":{"start":{"line":21,"column":18},"end":{"line":86,"column":4}},"10":{"start":{"line":26,"column":18},"end":{"line":42,"column":5}},"11":{"start":{"line":28,"column":8},"end":{"line":28,"column":63}},"12":{"start":{"line":28,"column":49},"end":{"line":28,"column":63}},"13":{"start":{"line":29,"column":8},"end":{"line":39,"column":null}},"14":{"start":{"line":30,"column":12},"end":{"line":30,"column":25}},"15":{"start":{"line":31,"column":12},"end":{"line":31,"column":29}},"16":{"start":{"line":32,"column":12},"end":{"line":38,"column":null}},"17":{"start":{"line":33,"column":16},"end":{"line":33,"column":21}},"18":{"start":{"line":35,"column":16},"end":{"line":36,"column":38}},"19":{"start":{"line":35,"column":26},"end":{"line":35,"column":35}},"20":{"start":{"line":36,"column":21},"end":{"line":36,"column":38}},"21":{"start":{"line":37,"column":16},"end":{"line":37,"column":24}},"22":{"start":{"line":40,"column":8},"end":{"line":40,"column":25}},"23":{"start":{"line":41,"column":8},"end":{"line":41,"column":35}},"24":{"start":{"line":41,"column":20},"end":{"line":41,"column":35}},"25":{"start":{"line":45,"column":4},"end":{"line":75,"column":null}},"26":{"start":{"line":46,"column":8},"end":{"line":48,"column":10}},"27":{"start":{"line":47,"column":12},"end":{"line":47,"column":36}},"28":{"start":{"line":50,"column":11},"end":{"line":75,"column":null}},"29":{"start":{"line":51,"column":21},"end":{"line":51,"column":25}},"30":{"start":{"line":52,"column":21},"end":{"line":52,"column":48}},"31":{"start":{"line":53,"column":8},"end":{"line":53,"column":65}},"32":{"start":{"line":54,"column":8},"end":{"line":56,"column":10}},"33":{"start":{"line":55,"column":12},"end":{"line":55,"column":49}},"34":{"start":{"line":58,"column":11},"end":{"line":75,"column":null}},"35":{"start":{"line":60,"column":24},"end":{"line":60,"column":50}},"36":{"start":{"line":61,"column":8},"end":{"line":63,"column":10}},"37":{"start":{"line":62,"column":12},"end":{"line":62,"column":32}},"38":{"start":{"line":71,"column":8},"end":{"line":74,"column":10}},"39":{"start":{"line":73,"column":12},"end":{"line":73,"column":43}},"40":{"start":{"line":77,"column":4},"end":{"line":85,"column":6}},"41":{"start":{"line":78,"column":27},"end":{"line":78,"column":52}},"42":{"start":{"line":79,"column":8},"end":{"line":79,"column":35}},"43":{"start":{"line":79,"column":18},"end":{"line":79,"column":35}},"44":{"start":{"line":80,"column":8},"end":{"line":83,"column":null}},"45":{"start":{"line":81,"column":12},"end":{"line":81,"column":24}},"46":{"start":{"line":82,"column":12},"end":{"line":82,"column":21}},"47":{"start":{"line":84,"column":8},"end":{"line":84,"column":20}},"48":{"start":{"line":87,"column":0},"end":{"line":87,"column":25}}},"fnMap":{"0":{"name":"getGlobal","decl":{"start":{"line":3,"column":9},"end":{"line":3,"column":18}},"loc":{"start":{"line":3,"column":18},"end":{"line":7,"column":1}}},"1":{"name":"(anonymous_1)","decl":{"start":{"line":21,"column":19},"end":{"line":21,"column":22}},"loc":{"start":{"line":21,"column":24},"end":{"line":86,"column":1}}},"2":{"name":"(anonymous_2)","decl":{"start":{"line":26,"column":18},"end":{"line":26,"column":null}},"loc":{"start":{"line":26,"column":18},"end":{"line":42,"column":5}}},"3":{"name":"(anonymous_3)","decl":{"start":{"line":46,"column":17},"end":{"line":46,"column":null}},"loc":{"start":{"line":46,"column":17},"end":{"line":48,"column":9}}},"4":{"name":"(anonymous_4)","decl":{"start":{"line":54,"column":17},"end":{"line":54,"column":null}},"loc":{"start":{"line":54,"column":17},"end":{"line":56,"column":9}}},"5":{"name":"(anonymous_5)","decl":{"start":{"line":61,"column":17},"end":{"line":61,"column":null}},"loc":{"start":{"line":61,"column":17},"end":{"line":63,"column":9}}},"6":{"name":"(anonymous_6)","decl":{"start":{"line":71,"column":17},"end":{"line":71,"column":null}},"loc":{"start":{"line":71,"column":17},"end":{"line":74,"column":9}}},"7":{"name":"(anonymous_7)","decl":{"start":{"line":77,"column":11},"end":{"line":77,"column":21}},"loc":{"start":{"line":77,"column":32},"end":{"line":85,"column":5}}}},"branchMap":{"0":{"loc":{"start":{"line":4,"column":65},"end":{"line":4,"column":71}},"type":"cond-expr","locations":[{"start":{"line":4,"column":65},"end":{"line":4,"column":71}},{"start":{"line":4,"column":74},"end":{"line":6,"column":35}}]},"1":{"loc":{"start":{"line":4,"column":11},"end":{"line":4,"column":39}},"type":"binary-expr","locations":[{"start":{"line":4,"column":11},"end":{"line":4,"column":39}},{"start":{"line":4,"column":43},"end":{"line":4,"column":62}}]},"2":{"loc":{"start":{"line":4,"column":124},"end":{"line":4,"column":128}},"type":"cond-expr","locations":[{"start":{"line":4,"column":124},"end":{"line":4,"column":128}},{"start":{"line":6,"column":10},"end":{"line":6,"column":35}}]},"3":{"loc":{"start":{"line":4,"column":74},"end":{"line":4,"column":100}},"type":"binary-expr","locations":[{"start":{"line":4,"column":74},"end":{"line":4,"column":100}},{"start":{"line":4,"column":104},"end":{"line":4,"column":121}}]},"4":{"loc":{"start":{"line":10,"column":0},"end":{"line":10,"column":42}},"type":"if","locations":[{"start":{"line":10,"column":0},"end":{"line":10,"column":42}},{"start":{"line":10,"column":0},"end":{"line":10,"column":42}}]},"5":{"loc":{"start":{"line":11,"column":18},"end":{"line":11,"column":38}},"type":"binary-expr","locations":[{"start":{"line":11,"column":18},"end":{"line":11,"column":38}},{"start":{"line":11,"column":42},"end":{"line":11,"column":60}}]},"6":{"loc":{"start":{"line":12,"column":17},"end":{"line":12,"column":41}},"type":"binary-expr","locations":[{"start":{"line":12,"column":17},"end":{"line":12,"column":41}},{"start":{"line":12,"column":45},"end":{"line":12,"column":75}}]},"7":{"loc":{"start":{"line":28,"column":8},"end":{"line":28,"column":63}},"type":"if","locations":[{"start":{"line":28,"column":8},"end":{"line":28,"column":63}},{"start":{"line":28,"column":8},"end":{"line":28,"column":63}}]},"8":{"loc":{"start":{"line":28,"column":12},"end":{"line":28,"column":18}},"type":"binary-expr","locations":[{"start":{"line":28,"column":12},"end":{"line":28,"column":18}},{"start":{"line":28,"column":23},"end":{"line":28,"column":46}}]},"9":{"loc":{"start":{"line":35,"column":16},"end":{"line":36,"column":38}},"type":"if","locations":[{"start":{"line":35,"column":16},"end":{"line":36,"column":38}},{"start":{"line":35,"column":16},"end":{"line":36,"column":38}}]},"10":{"loc":{"start":{"line":41,"column":8},"end":{"line":41,"column":35}},"type":"if","locations":[{"start":{"line":41,"column":8},"end":{"line":41,"column":35}},{"start":{"line":41,"column":8},"end":{"line":41,"column":35}}]},"11":{"loc":{"start":{"line":45,"column":4},"end":{"line":75,"column":null}},"type":"if","locations":[{"start":{"line":45,"column":4},"end":{"line":75,"column":null}},{"start":{"line":45,"column":4},"end":{"line":75,"column":null}}]},"12":{"loc":{"start":{"line":50,"column":11},"end":{"line":75,"column":null}},"type":"if","locations":[{"start":{"line":50,"column":11},"end":{"line":75,"column":null}},{"start":{"line":50,"column":11},"end":{"line":75,"column":null}}]},"13":{"loc":{"start":{"line":50,"column":15},"end":{"line":50,"column":23}},"type":"binary-expr","locations":[{"start":{"line":50,"column":15},"end":{"line":50,"column":23}},{"start":{"line":50,"column":27},"end":{"line":50,"column":79}}]},"14":{"loc":{"start":{"line":50,"column":29},"end":{"line":50,"column":46}},"type":"binary-expr","locations":[{"start":{"line":50,"column":29},"end":{"line":50,"column":46}},{"start":{"line":50,"column":50},"end":{"line":50,"column":78}}]},"15":{"loc":{"start":{"line":58,"column":11},"end":{"line":75,"column":null}},"type":"if","locations":[{"start":{"line":58,"column":11},"end":{"line":75,"column":null}},{"start":{"line":58,"column":11},"end":{"line":75,"column":null}}]},"16":{"loc":{"start":{"line":58,"column":15},"end":{"line":58,"column":22}},"type":"binary-expr","locations":[{"start":{"line":58,"column":15},"end":{"line":58,"column":22}},{"start":{"line":58,"column":26},"end":{"line":58,"column":41}}]},"17":{"loc":{"start":{"line":79,"column":8},"end":{"line":79,"column":35}},"type":"if","locations":[{"start":{"line":79,"column":8},"end":{"line":79,"column":35}},{"start":{"line":79,"column":8},"end":{"line":79,"column":35}}]},"18":{"loc":{"start":{"line":80,"column":8},"end":{"line":83,"column":null}},"type":"if","locations":[{"start":{"line":80,"column":8},"end":{"line":83,"column":null}},{"start":{"line":80,"column":8},"end":{"line":83,"column":null}}]}},"s":{"0":1,"1":1,"2":1,"3":0,"4":1,"5":1,"6":1,"7":1,"8":1,"9":1,"10":1,"11":46,"12":0,"13":46,"14":72,"15":72,"16":72,"17":72,"18":0,"19":0,"20":0,"21":0,"22":46,"23":46,"24":0,"25":1,"26":1,"27":46,"28":0,"29":0,"30":0,"31":0,"32":0,"33":0,"34":0,"35":0,"36":0,"37":0,"38":0,"39":0,"40":1,"41":72,"42":72,"43":51,"44":72,"45":46,"46":46,"47":72,"48":1},"f":{"0":1,"1":1,"2":46,"3":46,"4":0,"5":0,"6":0,"7":72},"b":{"0":[1,0],"1":[1,1],"2":[0,0],"3":[0,0],"4":[0,1],"5":[1,0],"6":[1,0],"7":[0,46],"8":[46,46],"9":[0,0],"10":[0,46],"11":[1,0],"12":[0,0],"13":[0,0],"14":[0,0],"15":[0,0],"16":[0,0],"17":[51,21],"18":[46,26]}}
}
