{"E:\\project\\my-promise\\src\\index.ts": {"path":"E:\\project\\my-promise\\src\\index.ts","statementMap":{"0":{"start":{"line":1,"column":0},"end":{"line":1,"column":null}},"1":{"start":{"line":2,"column":4},"end":{"line":2,"column":null}},"2":{"start":{"line":3,"column":4},"end":{"line":3,"column":null}},"3":{"start":{"line":4,"column":4},"end":{"line":4,"column":null}},"4":{"start":{"line":11,"column":4},"end":{"line":11,"column":77}},"5":{"start":{"line":14,"column":9},"end":{"line":14,"column":10}},"6":{"start":{"line":15,"column":0},"end":{"line":15,"column":null}},"7":{"start":{"line":23,"column":4},"end":{"line":23,"column":23}},"8":{"start":{"line":16,"column":21},"end":{"line":16,"column":29}},"9":{"start":{"line":17,"column":12},"end":{"line":17,"column":42}},"10":{"start":{"line":19,"column":12},"end":{"line":19,"column":36}},"11":{"start":{"line":20,"column":12},"end":{"line":20,"column":35}},"12":{"start":{"line":21,"column":12},"end":{"line":21,"column":36}},"13":{"start":{"line":191,"column":12},"end":{"line":200,"column":6}},"14":{"start":{"line":192,"column":23},"end":{"line":194,"column":9}},"15":{"start":{"line":193,"column":12},"end":{"line":193,"column":57}},"16":{"start":{"line":193,"column":33},"end":{"line":193,"column":57}},"17":{"start":{"line":195,"column":8},"end":{"line":198,"column":null}},"18":{"start":{"line":196,"column":12},"end":{"line":196,"column":72}},"19":{"start":{"line":197,"column":12},"end":{"line":197,"column":19}},"20":{"start":{"line":199,"column":8},"end":{"line":199,"column":57}},"21":{"start":{"line":199,"column":25},"end":{"line":199,"column":56}},"22":{"start":{"line":202,"column":12},"end":{"line":211,"column":6}},"23":{"start":{"line":203,"column":24},"end":{"line":209,"column":9}},"24":{"start":{"line":204,"column":12},"end":{"line":207,"column":19}},"25":{"start":{"line":205,"column":16},"end":{"line":207,"column":19}},"26":{"start":{"line":206,"column":20},"end":{"line":206,"column":72}},"27":{"start":{"line":208,"column":12},"end":{"line":208,"column":45}},"28":{"start":{"line":210,"column":8},"end":{"line":210,"column":28}},"29":{"start":{"line":24,"column":8},"end":{"line":24,"column":23}},"30":{"start":{"line":26,"column":8},"end":{"line":26,"column":46}},"31":{"start":{"line":29,"column":18},"end":{"line":32,"column":null}},"32":{"start":{"line":30,"column":8},"end":{"line":30,"column":53}},"33":{"start":{"line":30,"column":40},"end":{"line":30,"column":53}},"34":{"start":{"line":31,"column":8},"end":{"line":31,"column":53}},"35":{"start":{"line":31,"column":40},"end":{"line":31,"column":52}},"36":{"start":{"line":34,"column":18},"end":{"line":36,"column":null}},"37":{"start":{"line":35,"column":8},"end":{"line":35,"column":59}},"38":{"start":{"line":35,"column":46},"end":{"line":35,"column":58}},"39":{"start":{"line":39,"column":18},"end":{"line":48,"column":null}},"40":{"start":{"line":40,"column":8},"end":{"line":47,"column":11}},"41":{"start":{"line":41,"column":12},"end":{"line":46,"column":15}},"42":{"start":{"line":42,"column":16},"end":{"line":45,"column":35}},"43":{"start":{"line":43,"column":20},"end":{"line":43,"column":64}},"44":{"start":{"line":43,"column":40},"end":{"line":43,"column":56}},"45":{"start":{"line":45,"column":20},"end":{"line":45,"column":35}},"46":{"start":{"line":50,"column":18},"end":{"line":76,"column":null}},"47":{"start":{"line":51,"column":8},"end":{"line":75,"column":11}},"48":{"start":{"line":52,"column":38},"end":{"line":52,"column":58}},"49":{"start":{"line":53,"column":24},"end":{"line":53,"column":25}},"50":{"start":{"line":54,"column":30},"end":{"line":54,"column":50}},"51":{"start":{"line":54,"column":49},"end":{"line":57,"column":14}},"52":{"start":{"line":55,"column":16},"end":{"line":55,"column":42}},"53":{"start":{"line":56,"column":16},"end":{"line":56,"column":67}},"54":{"start":{"line":56,"column":47},"end":{"line":56,"column":67}},"55":{"start":{"line":60,"column":12},"end":{"line":63,"column":null}},"56":{"start":{"line":61,"column":16},"end":{"line":61,"column":36}},"57":{"start":{"line":62,"column":16},"end":{"line":62,"column":23}},"58":{"start":{"line":66,"column":12},"end":{"line":73,"column":15}},"59":{"start":{"line":67,"column":36},"end":{"line":67,"column":52}},"60":{"start":{"line":68,"column":16},"end":{"line":72,"column":39}},"61":{"start":{"line":69,"column":20},"end":{"line":69,"column":60}},"62":{"start":{"line":69,"column":49},"end":{"line":69,"column":59}},"63":{"start":{"line":72,"column":20},"end":{"line":72,"column":39}},"64":{"start":{"line":79,"column":11},"end":{"line":83,"column":null}},"65":{"start":{"line":82,"column":8},"end":{"line":82,"column":43}},"66":{"start":{"line":86,"column":11},"end":{"line":107,"column":null}},"67":{"start":{"line":86,"column":4},"end":{"line":86,"column":11}},"68":{"start":{"line":87,"column":23},"end":{"line":87,"column":34}},"69":{"start":{"line":88,"column":22},"end":{"line":88,"column":32}},"70":{"start":{"line":90,"column":8},"end":{"line":106,"column":11}},"71":{"start":{"line":91,"column":28},"end":{"line":94,"column":13}},"72":{"start":{"line":92,"column":16},"end":{"line":92,"column":65}},"73":{"start":{"line":92,"column":53},"end":{"line":92,"column":65}},"74":{"start":{"line":93,"column":16},"end":{"line":93,"column":31}},"75":{"start":{"line":95,"column":12},"end":{"line":105,"column":null}},"76":{"start":{"line":98,"column":20},"end":{"line":98,"column":51}},"77":{"start":{"line":99,"column":20},"end":{"line":99,"column":26}},"78":{"start":{"line":103,"column":20},"end":{"line":103,"column":35}},"79":{"start":{"line":104,"column":20},"end":{"line":104,"column":26}},"80":{"start":{"line":110,"column":4},"end":{"line":170,"column":null}},"81":{"start":{"line":110,"column":4},"end":{"line":110,"column":8}},"82":{"start":{"line":115,"column":23},"end":{"line":115,"column":34}},"83":{"start":{"line":116,"column":22},"end":{"line":116,"column":32}},"84":{"start":{"line":119,"column":23},"end":{"line":168,"column":10}},"85":{"start":{"line":120,"column":30},"end":{"line":135,"column":13}},"86":{"start":{"line":121,"column":16},"end":{"line":134,"column":null}},"87":{"start":{"line":122,"column":20},"end":{"line":125,"column":null}},"88":{"start":{"line":123,"column":24},"end":{"line":123,"column":46}},"89":{"start":{"line":124,"column":24},"end":{"line":124,"column":31}},"90":{"start":{"line":126,"column":35},"end":{"line":126,"column":53}},"91":{"start":{"line":127,"column":20},"end":{"line":130,"column":null}},"92":{"start":{"line":128,"column":24},"end":{"line":128,"column":53}},"93":{"start":{"line":129,"column":24},"end":{"line":129,"column":31}},"94":{"start":{"line":131,"column":20},"end":{"line":131,"column":36}},"95":{"start":{"line":133,"column":20},"end":{"line":133,"column":30}},"96":{"start":{"line":136,"column":29},"end":{"line":153,"column":13}},"97":{"start":{"line":137,"column":16},"end":{"line":152,"column":null}},"98":{"start":{"line":138,"column":20},"end":{"line":141,"column":null}},"99":{"start":{"line":139,"column":24},"end":{"line":139,"column":39}},"100":{"start":{"line":140,"column":24},"end":{"line":140,"column":31}},"101":{"start":{"line":142,"column":35},"end":{"line":142,"column":53}},"102":{"start":{"line":143,"column":20},"end":{"line":146,"column":null}},"103":{"start":{"line":144,"column":24},"end":{"line":144,"column":53}},"104":{"start":{"line":145,"column":24},"end":{"line":145,"column":31}},"105":{"start":{"line":148,"column":20},"end":{"line":148,"column":36}},"106":{"start":{"line":151,"column":20},"end":{"line":151,"column":30}},"107":{"start":{"line":154,"column":12},"end":{"line":167,"column":null}},"108":{"start":{"line":157,"column":20},"end":{"line":157,"column":53}},"109":{"start":{"line":158,"column":20},"end":{"line":158,"column":51}},"110":{"start":{"line":159,"column":20},"end":{"line":159,"column":26}},"111":{"start":{"line":162,"column":20},"end":{"line":162,"column":37}},"112":{"start":{"line":163,"column":20},"end":{"line":163,"column":26}},"113":{"start":{"line":165,"column":20},"end":{"line":165,"column":36}},"114":{"start":{"line":166,"column":20},"end":{"line":166,"column":26}},"115":{"start":{"line":169,"column":8},"end":{"line":169,"column":22}},"116":{"start":{"line":172,"column":12},"end":{"line":177,"column":null}},"117":{"start":{"line":174,"column":8},"end":{"line":176,"column":null}},"118":{"start":{"line":175,"column":12},"end":{"line":175,"column":22}},"119":{"start":{"line":179,"column":12},"end":{"line":189,"column":null}},"120":{"start":{"line":180,"column":8},"end":{"line":180,"column":29}},"121":{"start":{"line":181,"column":8},"end":{"line":181,"column":27}},"122":{"start":{"line":182,"column":19},"end":{"line":185,"column":10}},"123":{"start":{"line":186,"column":21},"end":{"line":186,"column":34}},"124":{"start":{"line":187,"column":8},"end":{"line":187,"column":38}},"125":{"start":{"line":188,"column":8},"end":{"line":188,"column":50}},"126":{"start":{"line":212,"column":0},"end":{"line":212,"column":null}}},"fnMap":{"0":{"name":"(anonymous_0)","decl":{"start":{"line":1,"column":0},"end":{"line":1,"column":5}},"loc":{"start":{"line":1,"column":10},"end":{"line":5,"column":1}}},"1":{"name":"isPromiseLike","decl":{"start":{"line":10,"column":9},"end":{"line":10,"column":22}},"loc":{"start":{"line":10,"column":34},"end":{"line":12,"column":1}}},"2":{"name":"(anonymous_2)","decl":{"start":{"line":15,"column":0},"end":{"line":15,"column":null}},"loc":{"start":{"line":15,"column":0},"end":{"line":212,"column":null}}},"3":{"name":"MyPromise","decl":{"start":{"line":23,"column":4},"end":{"line":23,"column":23}},"loc":{"start":{"line":23,"column":78},"end":{"line":27,"column":5}}},"4":{"name":"(anonymous_4)","decl":{"start":{"line":191,"column":35},"end":{"line":191,"column":36}},"loc":{"start":{"line":191,"column":41},"end":{"line":200,"column":5}}},"5":{"name":"(anonymous_5)","decl":{"start":{"line":192,"column":23},"end":{"line":192,"column":24}},"loc":{"start":{"line":192,"column":37},"end":{"line":194,"column":9}}},"6":{"name":"(anonymous_6)","decl":{"start":{"line":193,"column":19},"end":{"line":193,"column":20}},"loc":{"start":{"line":193,"column":28},"end":{"line":193,"column":37}}},"7":{"name":"(anonymous_7)","decl":{"start":{"line":199,"column":19},"end":{"line":199,"column":25}},"loc":{"start":{"line":199,"column":19},"end":{"line":199,"column":31}}},"8":{"name":"(anonymous_8)","decl":{"start":{"line":202,"column":30},"end":{"line":202,"column":31}},"loc":{"start":{"line":202,"column":37},"end":{"line":211,"column":5}}},"9":{"name":"(anonymous_9)","decl":{"start":{"line":203,"column":24},"end":{"line":203,"column":null}},"loc":{"start":{"line":203,"column":24},"end":{"line":209,"column":9}}},"10":{"name":"(anonymous_10)","decl":{"start":{"line":205,"column":27},"end":{"line":205,"column":null}},"loc":{"start":{"line":205,"column":27},"end":{"line":207,"column":17}}},"11":{"name":"(anonymous_11)","decl":{"start":{"line":29,"column":4},"end":{"line":29,"column":18}},"loc":{"start":{"line":29,"column":56},"end":{"line":32,"column":5}}},"12":{"name":"(anonymous_12)","decl":{"start":{"line":31,"column":33},"end":{"line":31,"column":36}},"loc":{"start":{"line":31,"column":36},"end":{"line":31,"column":43}}},"13":{"name":"(anonymous_13)","decl":{"start":{"line":34,"column":4},"end":{"line":34,"column":18}},"loc":{"start":{"line":34,"column":48},"end":{"line":36,"column":5}}},"14":{"name":"(anonymous_14)","decl":{"start":{"line":35,"column":32},"end":{"line":35,"column":33}},"loc":{"start":{"line":35,"column":41},"end":{"line":35,"column":49}}},"15":{"name":"(anonymous_15)","decl":{"start":{"line":39,"column":4},"end":{"line":39,"column":18}},"loc":{"start":{"line":39,"column":46},"end":{"line":48,"column":5}}},"16":{"name":"(anonymous_16)","decl":{"start":{"line":40,"column":34},"end":{"line":40,"column":35}},"loc":{"start":{"line":40,"column":50},"end":{"line":47,"column":9}}},"17":{"name":"(anonymous_17)","decl":{"start":{"line":41,"column":27},"end":{"line":41,"column":32}},"loc":{"start":{"line":41,"column":32},"end":{"line":46,"column":13}}},"18":{"name":"(anonymous_18)","decl":{"start":{"line":43,"column":31},"end":{"line":43,"column":36}},"loc":{"start":{"line":43,"column":36},"end":{"line":43,"column":47}}},"19":{"name":"(anonymous_19)","decl":{"start":{"line":50,"column":4},"end":{"line":50,"column":18}},"loc":{"start":{"line":50,"column":45},"end":{"line":76,"column":5}}},"20":{"name":"(anonymous_20)","decl":{"start":{"line":51,"column":36},"end":{"line":51,"column":37}},"loc":{"start":{"line":51,"column":52},"end":{"line":75,"column":9}}},"21":{"name":"(anonymous_21)","decl":{"start":{"line":54,"column":30},"end":{"line":54,"column":31}},"loc":{"start":{"line":54,"column":44},"end":{"line":54,"column":50}}},"22":{"name":"(anonymous_22)","decl":{"start":{"line":54,"column":49},"end":{"line":54,"column":50}},"loc":{"start":{"line":54,"column":60},"end":{"line":57,"column":13}}},"23":{"name":"(anonymous_23)","decl":{"start":{"line":66,"column":27},"end":{"line":66,"column":28}},"loc":{"start":{"line":66,"column":40},"end":{"line":73,"column":13}}},"24":{"name":"(anonymous_24)","decl":{"start":{"line":69,"column":44},"end":{"line":69,"column":45}},"loc":{"start":{"line":69,"column":45},"end":{"line":69,"column":55}}},"25":{"name":"(anonymous_25)","decl":{"start":{"line":79,"column":4},"end":{"line":79,"column":11}},"loc":{"start":{"line":80,"column":87},"end":{"line":83,"column":5}}},"26":{"name":"(anonymous_26)","decl":{"start":{"line":86,"column":4},"end":{"line":86,"column":11}},"loc":{"start":{"line":86,"column":62},"end":{"line":107,"column":5}}},"27":{"name":"(anonymous_27)","decl":{"start":{"line":90,"column":32},"end":{"line":90,"column":33}},"loc":{"start":{"line":90,"column":48},"end":{"line":106,"column":9}}},"28":{"name":"(anonymous_28)","decl":{"start":{"line":91,"column":28},"end":{"line":91,"column":29}},"loc":{"start":{"line":91,"column":37},"end":{"line":94,"column":13}}},"29":{"name":"(anonymous_29)","decl":{"start":{"line":110,"column":4},"end":{"line":110,"column":8}},"loc":{"start":{"line":112,"column":91},"end":{"line":170,"column":5}}},"30":{"name":"(anonymous_30)","decl":{"start":{"line":119,"column":58},"end":{"line":119,"column":59}},"loc":{"start":{"line":119,"column":74},"end":{"line":168,"column":9}}},"31":{"name":"(anonymous_31)","decl":{"start":{"line":120,"column":30},"end":{"line":120,"column":31}},"loc":{"start":{"line":120,"column":39},"end":{"line":135,"column":13}}},"32":{"name":"(anonymous_32)","decl":{"start":{"line":136,"column":29},"end":{"line":136,"column":30}},"loc":{"start":{"line":136,"column":41},"end":{"line":153,"column":13}}},"33":{"name":"(anonymous_33)","decl":{"start":{"line":172,"column":4},"end":{"line":172,"column":12}},"loc":{"start":{"line":172,"column":59},"end":{"line":177,"column":5}}},"34":{"name":"(anonymous_34)","decl":{"start":{"line":179,"column":4},"end":{"line":179,"column":12}},"loc":{"start":{"line":179,"column":39},"end":{"line":189,"column":5}}}},"branchMap":{"0":{"loc":{"start":{"line":1,"column":5},"end":{"line":1,"column":10}},"type":"binary-expr","locations":[{"start":{"line":1,"column":5},"end":{"line":1,"column":10}},{"start":{"line":1,"column":5},"end":{"line":1,"column":null}}]},"1":{"loc":{"start":{"line":11,"column":11},"end":{"line":11,"column":37}},"type":"binary-expr","locations":[{"start":{"line":11,"column":11},"end":{"line":11,"column":37}},{"start":{"line":11,"column":41},"end":{"line":11,"column":76}}]},"2":{"loc":{"start":{"line":195,"column":8},"end":{"line":198,"column":null}},"type":"if","locations":[{"start":{"line":195,"column":8},"end":{"line":198,"column":null}},{"start":{"line":195,"column":8},"end":{"line":198,"column":null}}]},"3":{"loc":{"start":{"line":204,"column":12},"end":{"line":207,"column":19}},"type":"if","locations":[{"start":{"line":204,"column":12},"end":{"line":207,"column":19}},{"start":{"line":204,"column":12},"end":{"line":207,"column":19}}]},"4":{"loc":{"start":{"line":30,"column":8},"end":{"line":30,"column":53}},"type":"if","locations":[{"start":{"line":30,"column":8},"end":{"line":30,"column":53}},{"start":{"line":30,"column":8},"end":{"line":30,"column":53}}]},"5":{"loc":{"start":{"line":42,"column":16},"end":{"line":45,"column":35}},"type":"if","locations":[{"start":{"line":42,"column":16},"end":{"line":45,"column":35}},{"start":{"line":42,"column":16},"end":{"line":45,"column":35}}]},"6":{"loc":{"start":{"line":56,"column":16},"end":{"line":56,"column":67}},"type":"if","locations":[{"start":{"line":56,"column":16},"end":{"line":56,"column":67}},{"start":{"line":56,"column":16},"end":{"line":56,"column":67}}]},"7":{"loc":{"start":{"line":60,"column":12},"end":{"line":63,"column":null}},"type":"if","locations":[{"start":{"line":60,"column":12},"end":{"line":63,"column":null}},{"start":{"line":60,"column":12},"end":{"line":63,"column":null}}]},"8":{"loc":{"start":{"line":68,"column":16},"end":{"line":72,"column":39}},"type":"if","locations":[{"start":{"line":68,"column":16},"end":{"line":72,"column":39}},{"start":{"line":68,"column":16},"end":{"line":72,"column":39}}]},"9":{"loc":{"start":{"line":92,"column":16},"end":{"line":92,"column":65}},"type":"if","locations":[{"start":{"line":92,"column":16},"end":{"line":92,"column":65}},{"start":{"line":92,"column":16},"end":{"line":92,"column":65}}]},"10":{"loc":{"start":{"line":97,"column":16},"end":{"line":99,"column":26}},"type":"switch","locations":[{"start":{"line":97,"column":16},"end":{"line":99,"column":26}},{"start":{"line":101,"column":16},"end":{"line":101,"column":37}},{"start":{"line":102,"column":16},"end":{"line":104,"column":26}}]},"11":{"loc":{"start":{"line":122,"column":20},"end":{"line":125,"column":null}},"type":"if","locations":[{"start":{"line":122,"column":20},"end":{"line":125,"column":null}},{"start":{"line":122,"column":20},"end":{"line":125,"column":null}}]},"12":{"loc":{"start":{"line":127,"column":20},"end":{"line":130,"column":null}},"type":"if","locations":[{"start":{"line":127,"column":20},"end":{"line":130,"column":null}},{"start":{"line":127,"column":20},"end":{"line":130,"column":null}}]},"13":{"loc":{"start":{"line":138,"column":20},"end":{"line":141,"column":null}},"type":"if","locations":[{"start":{"line":138,"column":20},"end":{"line":141,"column":null}},{"start":{"line":138,"column":20},"end":{"line":141,"column":null}}]},"14":{"loc":{"start":{"line":143,"column":20},"end":{"line":146,"column":null}},"type":"if","locations":[{"start":{"line":143,"column":20},"end":{"line":146,"column":null}},{"start":{"line":143,"column":20},"end":{"line":146,"column":null}}]},"15":{"loc":{"start":{"line":156,"column":16},"end":{"line":159,"column":26}},"type":"switch","locations":[{"start":{"line":156,"column":16},"end":{"line":159,"column":26}},{"start":{"line":161,"column":16},"end":{"line":163,"column":26}},{"start":{"line":164,"column":16},"end":{"line":166,"column":26}}]}},"s":{"0":1,"1":1,"2":1,"3":1,"4":113,"5":1,"6":1,"7":71,"8":71,"9":71,"10":71,"11":71,"12":71,"13":71,"14":61,"15":63,"16":61,"17":61,"18":2,"19":2,"20":59,"21":59,"22":71,"23":13,"24":13,"25":0,"26":0,"27":13,"28":13,"29":71,"30":71,"31":1,"32":6,"33":1,"34":5,"35":5,"36":1,"37":7,"38":7,"39":1,"40":1,"41":1,"42":4,"43":3,"44":3,"45":1,"46":1,"47":3,"48":3,"49":3,"50":3,"51":8,"52":7,"53":7,"54":1,"55":3,"56":1,"57":1,"58":2,"59":8,"60":8,"61":7,"62":1,"63":1,"64":1,"65":6,"66":1,"67":3,"68":3,"69":3,"70":3,"71":3,"72":3,"73":2,"74":3,"75":3,"76":2,"77":2,"78":1,"79":1,"80":1,"81":44,"82":44,"83":44,"84":44,"85":44,"86":28,"87":28,"88":1,"89":1,"90":27,"91":26,"92":1,"93":1,"94":25,"95":1,"96":44,"97":16,"98":16,"99":1,"100":1,"101":15,"102":14,"103":1,"104":1,"105":13,"106":1,"107":44,"108":37,"109":37,"110":37,"111":5,"112":5,"113":2,"114":2,"115":44,"116":1,"117":148,"118":39,"119":1,"120":74,"121":74,"122":74,"123":74,"124":74,"125":74,"126":1},"f":{"0":1,"1":113,"2":1,"3":71,"4":61,"5":63,"6":61,"7":59,"8":13,"9":13,"10":0,"11":6,"12":5,"13":7,"14":7,"15":1,"16":1,"17":4,"18":3,"19":3,"20":3,"21":8,"22":7,"23":8,"24":1,"25":6,"26":3,"27":3,"28":3,"29":44,"30":44,"31":28,"32":16,"33":148,"34":74},"b":{"0":[1,1],"1":[113,16],"2":[2,59],"3":[0,13],"4":[1,5],"5":[3,1],"6":[1,6],"7":[1,2],"8":[7,1],"9":[2,1],"10":[2,1,1],"11":[1,27],"12":[1,25],"13":[1,15],"14":[1,13],"15":[37,5,2]}}
}
