TN:
SF:src\index.ts
FN:3,(anonymous_0)
FN:15,isPromiseLike
FN:28,(anonymous_2)
FN:33,runCallback
FN:41,(anonymous_4)
FN:53,(anonymous_5)
FN:54,(anonymous_6)
FN:55,(anonymous_7)
FN:61,(anonymous_8)
FN:64,(anonymous_9)
FN:65,(anonymous_10)
FN:69,(anonymous_11)
FN:80,(anonymous_12)
FN:82,(anonymous_13)
FN:86,(anonymous_14)
FN:87,(anonymous_15)
FN:91,(anonymous_16)
FN:92,(anonymous_17)
FN:93,(anonymous_18)
FN:95,(anonymous_19)
FN:105,(anonymous_20)
FN:106,(anonymous_21)
FN:109,(anonymous_22)
FN:109,(anonymous_23)
FN:121,(anonymous_24)
FN:124,(anonymous_25)
FN:134,(anonymous_26)
FN:141,(anonymous_27)
FN:145,(anonymous_28)
FN:148,(anonymous_29)
FN:172,(anonymous_30)
FN:181,(anonymous_31)
FN:182,(anonymous_32)
FN:198,(anonymous_33)
FNF:34
FNH:33
FNDA:1,(anonymous_0)
FNDA:133,isPromiseLike
FNDA:79,(anonymous_2)
FNDA:82,runCallback
FNDA:82,(anonymous_4)
FNDA:67,(anonymous_5)
FNDA:69,(anonymous_6)
FNDA:67,(anonymous_7)
FNDA:65,(anonymous_8)
FNDA:15,(anonymous_9)
FNDA:15,(anonymous_10)
FNDA:0,(anonymous_11)
FNDA:6,(anonymous_12)
FNDA:5,(anonymous_13)
FNDA:8,(anonymous_14)
FNDA:8,(anonymous_15)
FNDA:1,(anonymous_16)
FNDA:1,(anonymous_17)
FNDA:4,(anonymous_18)
FNDA:3,(anonymous_19)
FNDA:3,(anonymous_20)
FNDA:3,(anonymous_21)
FNDA:8,(anonymous_22)
FNDA:7,(anonymous_23)
FNDA:8,(anonymous_24)
FNDA:1,(anonymous_25)
FNDA:7,(anonymous_26)
FNDA:6,(anonymous_27)
FNDA:5,(anonymous_28)
FNDA:1,(anonymous_29)
FNDA:53,(anonymous_30)
FNDA:53,(anonymous_31)
FNDA:35,(anonymous_32)
FNDA:18,(anonymous_33)
DA:1,1
DA:3,1
DA:4,1
DA:5,1
DA:6,1
DA:16,133
DA:19,1
DA:20,1
DA:21,79
DA:22,79
DA:24,79
DA:25,79
DA:29,79
DA:35,82
DA:36,45
DA:41,79
DA:42,82
DA:43,82
DA:44,82
DA:48,82
DA:49,82
DA:53,79
DA:54,67
DA:55,69
DA:57,67
DA:58,2
DA:59,2
DA:61,65
DA:64,79
DA:65,15
DA:67,15
DA:69,0
DA:70,0
DA:72,15
DA:74,15
DA:76,79
DA:81,6
DA:82,5
DA:87,8
DA:92,1
DA:93,1
DA:94,4
DA:95,3
DA:97,1
DA:106,3
DA:107,3
DA:108,3
DA:109,8
DA:110,7
DA:111,7
DA:115,3
DA:116,1
DA:117,1
DA:121,2
DA:122,8
DA:123,8
DA:124,7
DA:127,1
DA:137,7
DA:145,6
DA:146,5
DA:147,5
DA:149,1
DA:150,1
DA:176,53
DA:181,53
DA:182,53
DA:183,35
DA:184,35
DA:185,1
DA:186,1
DA:188,34
DA:189,33
DA:190,1
DA:191,1
DA:193,32
DA:195,1
DA:198,53
DA:199,18
DA:200,18
DA:201,1
DA:202,1
DA:204,17
DA:205,15
DA:206,1
DA:207,1
DA:210,14
DA:213,2
DA:216,53
DA:219,45
DA:220,45
DA:221,45
DA:224,6
DA:225,6
DA:227,2
DA:228,2
DA:231,53
LF:97
LH:95
BRDA:3,0,0,1
BRDA:3,0,1,1
BRDA:16,1,0,133
BRDA:16,1,1,78
BRDA:16,1,2,17
BRDA:57,2,0,2
BRDA:57,2,1,65
BRDA:67,3,0,0
BRDA:67,3,1,15
BRDA:81,4,0,1
BRDA:81,4,1,5
BRDA:94,5,0,3
BRDA:94,5,1,1
BRDA:111,6,0,1
BRDA:111,6,1,6
BRDA:115,7,0,1
BRDA:115,7,1,2
BRDA:123,8,0,7
BRDA:123,8,1,1
BRDA:146,9,0,5
BRDA:146,9,1,4
BRDA:149,10,0,1
BRDA:149,10,1,1
BRDA:184,11,0,1
BRDA:184,11,1,34
BRDA:189,12,0,1
BRDA:189,12,1,32
BRDA:200,13,0,1
BRDA:200,13,1,17
BRDA:205,14,0,1
BRDA:205,14,1,14
BRDA:218,15,0,45
BRDA:218,15,1,6
BRDA:218,15,2,2
BRF:34
BRH:33
end_of_record
TN:
SF:src\microtask.ts
FN:4,getGlobal
FN:22,(anonymous_1)
FN:27,(anonymous_2)
FN:47,(anonymous_3)
FN:55,(anonymous_4)
FN:62,(anonymous_5)
FN:72,(anonymous_6)
FN:78,(anonymous_7)
FNF:8
FNH:5
FNDA:2,getGlobal
FNDA:2,(anonymous_1)
FNDA:52,(anonymous_2)
FNDA:52,(anonymous_3)
FNDA:0,(anonymous_4)
FNDA:0,(anonymous_5)
FNDA:0,(anonymous_6)
FNDA:81,(anonymous_7)
DA:5,2
DA:10,2
DA:11,2
DA:12,2
DA:13,2
DA:14,2
DA:15,2
DA:16,2
DA:22,2
DA:27,2
DA:29,52
DA:30,52
DA:31,81
DA:32,81
DA:33,81
DA:34,81
DA:36,0
DA:37,0
DA:38,0
DA:41,52
DA:42,52
DA:46,2
DA:47,2
DA:48,52
DA:51,0
DA:52,0
DA:53,0
DA:54,0
DA:55,0
DA:56,0
DA:59,0
DA:61,0
DA:62,0
DA:63,0
DA:72,0
DA:74,0
DA:78,2
DA:79,81
DA:80,81
DA:81,81
DA:82,52
DA:83,52
DA:85,81
DA:88,2
LF:44
LH:29
BRDA:5,0,0,2
BRDA:5,0,1,0
BRDA:5,1,0,2
BRDA:5,1,1,2
BRDA:5,2,0,0
BRDA:5,2,1,0
BRDA:5,3,0,0
BRDA:5,3,1,0
BRDA:11,4,0,0
BRDA:11,4,1,2
BRDA:12,5,0,2
BRDA:12,5,1,0
BRDA:13,6,0,2
BRDA:13,6,1,0
BRDA:29,7,0,0
BRDA:29,7,1,52
BRDA:29,8,0,52
BRDA:29,8,1,52
BRDA:36,9,0,0
BRDA:36,9,1,0
BRDA:42,10,0,0
BRDA:42,10,1,52
BRDA:46,11,0,2
BRDA:46,11,1,0
BRDA:51,12,0,0
BRDA:51,12,1,0
BRDA:51,13,0,0
BRDA:51,13,1,0
BRDA:51,14,0,0
BRDA:51,14,1,0
BRDA:59,15,0,0
BRDA:59,15,1,0
BRDA:59,16,0,0
BRDA:59,16,1,0
BRDA:80,17,0,57
BRDA:80,17,1,24
BRDA:81,18,0,52
BRDA:81,18,1,29
BRF:38
BRH:15
end_of_record
