TN:
SF:src\index.ts
FN:1,(anonymous_0)
FN:10,isPromiseLike
FN:15,(anonymous_2)
FN:23,MyPromise
FN:191,(anonymous_4)
FN:192,(anonymous_5)
FN:193,(anonymous_6)
FN:199,(anonymous_7)
FN:202,(anonymous_8)
FN:203,(anonymous_9)
FN:205,(anonymous_10)
FN:29,(anonymous_11)
FN:31,(anonymous_12)
FN:34,(anonymous_13)
FN:35,(anonymous_14)
FN:39,(anonymous_15)
FN:40,(anonymous_16)
FN:41,(anonymous_17)
FN:43,(anonymous_18)
FN:50,(anonymous_19)
FN:51,(anonymous_20)
FN:54,(anonymous_21)
FN:54,(anonymous_22)
FN:66,(anonymous_23)
FN:69,(anonymous_24)
FN:79,(anonymous_25)
FN:86,(anonymous_26)
FN:90,(anonymous_27)
FN:91,(anonymous_28)
FN:110,(anonymous_29)
FN:119,(anonymous_30)
FN:120,(anonymous_31)
FN:136,(anonymous_32)
FN:172,(anonymous_33)
FN:179,(anonymous_34)
FNF:35
FNH:34
FNDA:1,(anonymous_0)
FNDA:113,isPromiseLike
FNDA:1,(anonymous_2)
FNDA:71,MyPromise
FNDA:61,(anonymous_4)
FNDA:63,(anonymous_5)
FNDA:61,(anonymous_6)
FNDA:59,(anonymous_7)
FNDA:13,(anonymous_8)
FNDA:13,(anonymous_9)
FNDA:0,(anonymous_10)
FNDA:6,(anonymous_11)
FNDA:5,(anonymous_12)
FNDA:7,(anonymous_13)
FNDA:7,(anonymous_14)
FNDA:1,(anonymous_15)
FNDA:1,(anonymous_16)
FNDA:4,(anonymous_17)
FNDA:3,(anonymous_18)
FNDA:3,(anonymous_19)
FNDA:3,(anonymous_20)
FNDA:8,(anonymous_21)
FNDA:7,(anonymous_22)
FNDA:8,(anonymous_23)
FNDA:1,(anonymous_24)
FNDA:6,(anonymous_25)
FNDA:3,(anonymous_26)
FNDA:3,(anonymous_27)
FNDA:3,(anonymous_28)
FNDA:44,(anonymous_29)
FNDA:44,(anonymous_30)
FNDA:28,(anonymous_31)
FNDA:16,(anonymous_32)
FNDA:148,(anonymous_33)
FNDA:74,(anonymous_34)
DA:1,1
DA:2,1
DA:3,1
DA:4,1
DA:11,113
DA:14,1
DA:15,1
DA:16,71
DA:17,71
DA:19,71
DA:20,71
DA:21,71
DA:23,71
DA:24,71
DA:26,71
DA:29,1
DA:30,6
DA:31,5
DA:34,1
DA:35,7
DA:39,1
DA:40,1
DA:41,1
DA:42,4
DA:43,3
DA:45,1
DA:50,1
DA:51,3
DA:52,3
DA:53,3
DA:54,8
DA:55,7
DA:56,7
DA:60,3
DA:61,1
DA:62,1
DA:66,2
DA:67,8
DA:68,8
DA:69,7
DA:72,1
DA:79,1
DA:82,6
DA:86,3
DA:87,3
DA:88,3
DA:90,3
DA:91,3
DA:92,3
DA:93,3
DA:95,3
DA:98,2
DA:99,2
DA:103,1
DA:104,1
DA:110,44
DA:115,44
DA:116,44
DA:119,44
DA:120,44
DA:121,28
DA:122,28
DA:123,1
DA:124,1
DA:126,27
DA:127,26
DA:128,1
DA:129,1
DA:131,25
DA:133,1
DA:136,44
DA:137,16
DA:138,16
DA:139,1
DA:140,1
DA:142,15
DA:143,14
DA:144,1
DA:145,1
DA:148,13
DA:151,1
DA:154,44
DA:157,37
DA:158,37
DA:159,37
DA:162,5
DA:163,5
DA:165,2
DA:166,2
DA:169,44
DA:172,1
DA:174,148
DA:175,39
DA:179,1
DA:180,74
DA:181,74
DA:182,74
DA:186,74
DA:187,74
DA:188,74
DA:191,71
DA:192,61
DA:193,63
DA:195,61
DA:196,2
DA:197,2
DA:199,59
DA:202,71
DA:203,13
DA:204,13
DA:205,0
DA:206,0
DA:208,13
DA:210,13
DA:212,1
LF:115
LH:113
BRDA:1,0,0,1
BRDA:1,0,1,1
BRDA:11,1,0,113
BRDA:11,1,1,16
BRDA:195,2,0,2
BRDA:195,2,1,59
BRDA:204,3,0,0
BRDA:204,3,1,13
BRDA:30,4,0,1
BRDA:30,4,1,5
BRDA:42,5,0,3
BRDA:42,5,1,1
BRDA:56,6,0,1
BRDA:56,6,1,6
BRDA:60,7,0,1
BRDA:60,7,1,2
BRDA:68,8,0,7
BRDA:68,8,1,1
BRDA:92,9,0,2
BRDA:92,9,1,1
BRDA:97,10,0,2
BRDA:97,10,1,1
BRDA:97,10,2,1
BRDA:122,11,0,1
BRDA:122,11,1,27
BRDA:127,12,0,1
BRDA:127,12,1,25
BRDA:138,13,0,1
BRDA:138,13,1,15
BRDA:143,14,0,1
BRDA:143,14,1,13
BRDA:156,15,0,37
BRDA:156,15,1,5
BRDA:156,15,2,2
BRF:34
BRH:33
end_of_record
